<?xml version="1.0" encoding="UTF-8"?>
<robot generator="Robot 5.0.1 (Python 3.9.13 on win32)" generated="20230109 14:59:00.150" rpa="true" schemaversion="3">
<suite id="s1" name="Tasks" source="c:\Users\bheemala.theja\Documents\myrobocorpBot\tasks.robot">
<test id="s1-t1" name="Minimal task" line="4">
<kw name="Log" library="BuiltIn">
<arg>Done.</arg>
<doc>Logs the given message with the given level.</doc>
<msg timestamp="20230109 14:59:00.297" level="INFO">Done.</msg>
<status status="PASS" starttime="20230109 14:59:00.296" endtime="20230109 14:59:00.308"/>
</kw>
<status status="PASS" starttime="20230109 14:59:00.292" endtime="20230109 14:59:00.311"/>
</test>
<doc>Template robot main suite.</doc>
<status status="PASS" starttime="20230109 14:59:00.174" endtime="20230109 14:59:00.317"/>
</suite>
<statistics>
<total>
<stat pass="1" fail="0" skip="0">All Tasks</stat>
</total>
<tag>
</tag>
<suite>
<stat pass="1" fail="0" skip="0" id="s1" name="Tasks">Tasks</stat>
</suite>
</statistics>
<errors>
</errors>
</robot>
